#
# There is insufficient memory for the Java Runtime Environment to continue.
# Native memory allocation (malloc) failed to allocate 1153776 bytes for Chunk::new
# Possible reasons:
#   The system is out of physical RAM or swap space
#   The process is running with CompressedOops enabled, and the Java Heap may be blocking the growth of the native heap
# Possible solutions:
#   Reduce memory load on the system
#   Increase physical memory or swap space
#   Check if swap backing store is full
#   Decrease Java heap size (-Xmx/-Xms)
#   Decrease number of Java threads
#   Decrease Java thread stack sizes (-Xss)
#   Set larger code cache with -XX:ReservedCodeCacheSize=
#   JVM is running with Unscaled Compressed Oops mode in which the Java heap is
#     placed in the first 4GB address space. The Java Heap base address is the
#     maximum limit for the native heap growth. Please use -XX:HeapBaseMinAddress
#     to set the Java Heap base and to place the Java Heap above 4GB virtual address.
# This output file may be truncated or incomplete.
#
#  Out of Memory Error (allocation.cpp:390), pid=5432, tid=0x00000000000052dc
#
# JRE version: Java(TM) SE Runtime Environment (8.0_201-b09) (build 1.8.0_201-b09)
# Java VM: Java HotSpot(TM) 64-Bit Server VM (25.201-b09 mixed mode windows-amd64 compressed oops)
# Failed to write core dump. Minidumps are not enabled by default on client versions of Windows
#

---------------  T H R E A D  ---------------

Current thread (0x000000001714d000):  JavaThread "C2 CompilerThread0" daemon [_thread_in_native, id=21212, stack(0x0000000019450000,0x0000000019550000)]

Stack: [0x0000000019450000,0x0000000019550000]
[error occurred during error reporting (printing stack bounds), id 0xc0000005]

Native frames: (J=compiled Java code, j=interpreted, Vv=VM code, C=native code)


Current CompileTask:
C2:   3909 1182       4       java.io.WinNTFileSystem::normalize (143 bytes)


---------------  P R O C E S S  ---------------

Java Threads: ( => current thread )
  0x0000000019f94000 JavaThread "Keep-Alive-Timer" daemon [_thread_blocked, id=3524, stack(0x000000001b360000,0x000000001b460000)]
  0x0000000019fa0000 JavaThread "Exec Stream Pumper" daemon [_thread_in_native, id=17528, stack(0x000000001b160000,0x000000001b260000)]
  0x0000000019189000 JavaThread "Exec Stream Pumper" daemon [_thread_in_native, id=3836, stack(0x000000001b060000,0x000000001b160000)]
  0x0000000019d1f800 JavaThread "UrlChecker-2" daemon [_thread_blocked, id=22696, stack(0x000000001af60000,0x000000001b060000)]
  0x000000001918d800 JavaThread "Exec Default Executor" daemon [_thread_in_native, id=14996, stack(0x000000001ae60000,0x000000001af60000)]
  0x0000000018b5d000 JavaThread "Service Thread" daemon [_thread_blocked, id=13920, stack(0x0000000019750000,0x0000000019850000)]
  0x0000000018be5000 JavaThread "C1 CompilerThread2" daemon [_thread_blocked, id=24584, stack(0x0000000019650000,0x0000000019750000)]
  0x000000001714e000 JavaThread "C2 CompilerThread1" daemon [_thread_blocked, id=27148, stack(0x0000000019550000,0x0000000019650000)]
=>0x000000001714d000 JavaThread "C2 CompilerThread0" daemon [_thread_in_native, id=21212, stack(0x0000000019450000,0x0000000019550000)]
  0x0000000018c05800 JavaThread "Monitor Ctrl-Break" daemon [_thread_in_native, id=23344, stack(0x0000000019350000,0x0000000019450000)]
  0x00000000170fa000 JavaThread "Attach Listener" daemon [_thread_blocked, id=10472, stack(0x0000000018650000,0x0000000018750000)]
  0x00000000170f8800 JavaThread "Signal Dispatcher" daemon [_thread_blocked, id=3320, stack(0x0000000018550000,0x0000000018650000)]
  0x00000000025bb800 JavaThread "Finalizer" daemon [_thread_blocked, id=15232, stack(0x0000000018350000,0x0000000018450000)]
  0x00000000025b8000 JavaThread "Reference Handler" daemon [_thread_blocked, id=6408, stack(0x0000000018250000,0x0000000018350000)]
  0x00000000024c6800 JavaThread "Forwarding newSession on session null to remote" [_thread_in_native, id=3980, stack(0x00000000021d0000,0x00000000022d0000)]

Other Threads:
  0x00000000170b8000 VMThread [stack: 0x0000000018150000,0x0000000018250000] [id=8540]
  0x0000000018cdc800 WatcherThread [stack: 0x0000000019850000,0x0000000019950000] [id=19228]

VM state:not at safepoint (normal execution)

VM Mutex/Monitor currently owned by a thread: None

heap address: 0x0000000081c00000, size: 2020 MB, Compressed Oops mode: 32-bit
Narrow klass base: 0x0000000000000000, Narrow klass shift: 3
Compressed class space size: 1073741824 Address: 0x0000000100000000

Heap:
 PSYoungGen      total 38400K, used 26351K [0x00000000d5f00000, 0x00000000d8980000, 0x0000000100000000)
  eden space 33280K, 63% used [0x00000000d5f00000,0x00000000d73c2da0,0x00000000d7f80000)
  from space 5120K, 99% used [0x00000000d7f80000,0x00000000d8479110,0x00000000d8480000)
  to   space 5120K, 0% used [0x00000000d8480000,0x00000000d8480000,0x00000000d8980000)
 ParOldGen       total 87552K, used 385K [0x0000000081c00000, 0x0000000087180000, 0x00000000d5f00000)
  object space 87552K, 0% used [0x0000000081c00000,0x0000000081c60648,0x0000000087180000)
 Metaspace       used 13300K, capacity 13662K, committed 13952K, reserved 1060864K
  class space    used 1695K, capacity 1823K, committed 1920K, reserved 1048576K

Card table byte_map: [0x0000000011980000,0x0000000011d80000] byte_map_base: 0x0000000011572000

Marking Bits: (ParMarkBitMap*) 0x00000000516a4ce0
 Begin Bits: [0x0000000012430000, 0x00000000143c0000)
 End Bits:   [0x00000000143c0000, 0x0000000016350000)

Polling page: 0x0000000000950000

CodeCache: size=245760Kb used=4246Kb max_used=4247Kb free=241513Kb
 bounds [0x00000000025c0000, 0x00000000029f0000, 0x00000000115c0000]
 total_blobs=1548 nmethods=1183 adapters=278
 compilation: enabled

Compilation events (10 events):
Event: 3.560 Thread 0x000000001714e000 nmethod 1179 0x00000000029e7510 code [0x00000000029e7660, 0x00000000029e78b8]
Event: 3.619 Thread 0x0000000018be5000 1180       3       java.util.HashMap::<init> (8 bytes)
Event: 3.619 Thread 0x0000000018be5000 nmethod 1180 0x00000000029e7150 code [0x00000000029e72e0, 0x00000000029e7468]
Event: 3.619 Thread 0x0000000018be5000 1181       3       com.google.common.base.Preconditions::checkNotNull (14 bytes)
Event: 3.619 Thread 0x0000000018be5000 nmethod 1181 0x00000000029e6cd0 code [0x00000000029e6e40, 0x00000000029e7068]
Event: 3.638 Thread 0x000000001714d000 1182       4       java.io.WinNTFileSystem::normalize (143 bytes)
Event: 3.656 Thread 0x0000000018be5000 1183       3       java.nio.CharBuffer::array (35 bytes)
Event: 3.656 Thread 0x0000000018be5000 nmethod 1183 0x00000000029e6450 code [0x00000000029e65e0, 0x00000000029e68f8]
Event: 3.656 Thread 0x0000000018be5000 1184       3       sun.nio.cs.UTF_8::access$200 (8 bytes)
Event: 3.657 Thread 0x0000000018be5000 nmethod 1184 0x00000000029e5c10 code [0x00000000029e5da0, 0x00000000029e6238]

GC Heap History (2 events):
Event: 2.701 GC heap before
{Heap before GC invocations=1 (full 0):
 PSYoungGen      total 38400K, used 33280K [0x00000000d5f00000, 0x00000000d8980000, 0x0000000100000000)
  eden space 33280K, 100% used [0x00000000d5f00000,0x00000000d7f80000,0x00000000d7f80000)
  from space 5120K, 0% used [0x00000000d8480000,0x00000000d8480000,0x00000000d8980000)
  to   space 5120K, 0% used [0x00000000d7f80000,0x00000000d7f80000,0x00000000d8480000)
 ParOldGen       total 87552K, used 0K [0x0000000081c00000, 0x0000000087180000, 0x00000000d5f00000)
  object space 87552K, 0% used [0x0000000081c00000,0x0000000081c00000,0x0000000087180000)
 Metaspace       used 9542K, capacity 9772K, committed 9984K, reserved 1058816K
  class space    used 1121K, capacity 1224K, committed 1280K, reserved 1048576K
Event: 2.712 GC heap after
Heap after GC invocations=1 (full 0):
 PSYoungGen      total 38400K, used 5092K [0x00000000d5f00000, 0x00000000d8980000, 0x0000000100000000)
  eden space 33280K, 0% used [0x00000000d5f00000,0x00000000d5f00000,0x00000000d7f80000)
  from space 5120K, 99% used [0x00000000d7f80000,0x00000000d8479110,0x00000000d8480000)
  to   space 5120K, 0% used [0x00000000d8480000,0x00000000d8480000,0x00000000d8980000)
 ParOldGen       total 87552K, used 385K [0x0000000081c00000, 0x0000000087180000, 0x00000000d5f00000)
  object space 87552K, 0% used [0x0000000081c00000,0x0000000081c60648,0x0000000087180000)
 Metaspace       used 9542K, capacity 9772K, committed 9984K, reserved 1058816K
  class space    used 1121K, capacity 1224K, committed 1280K, reserved 1048576K
}

Deoptimization events (10 events):
Event: 2.814 Thread 0x0000000019d1f800 Uncommon trap: reason=unstable_if action=reinterpret pc=0x00000000027ac014 method=java.lang.CharacterDataLatin1.digit(II)I @ 82
Event: 3.536 Thread 0x00000000024c6800 Uncommon trap: reason=class_check action=maybe_recompile pc=0x0000000002907dc4 method=java.util.regex.Matcher.search(I)Z @ 86
Event: 3.536 Thread 0x00000000024c6800 Uncommon trap: reason=class_check action=maybe_recompile pc=0x00000000028094e4 method=java.util.regex.Pattern$Curly.match(Ljava/util/regex/Matcher;ILjava/lang/CharSequence;)Z @ 19
Event: 3.536 Thread 0x00000000024c6800 Uncommon trap: reason=class_check action=maybe_recompile pc=0x0000000002907dc4 method=java.util.regex.Matcher.search(I)Z @ 86
Event: 3.536 Thread 0x00000000024c6800 Uncommon trap: reason=class_check action=maybe_recompile pc=0x0000000002907dc4 method=java.util.regex.Matcher.search(I)Z @ 86
Event: 3.536 Thread 0x00000000024c6800 Uncommon trap: reason=class_check action=maybe_recompile pc=0x00000000028094e4 method=java.util.regex.Pattern$Curly.match(Ljava/util/regex/Matcher;ILjava/lang/CharSequence;)Z @ 19
Event: 3.551 Thread 0x00000000024c6800 Uncommon trap: reason=class_check action=maybe_recompile pc=0x00000000028094e4 method=java.util.regex.Pattern$Curly.match(Ljava/util/regex/Matcher;ILjava/lang/CharSequence;)Z @ 19
Event: 3.552 Thread 0x00000000024c6800 Uncommon trap: reason=class_check action=maybe_recompile pc=0x00000000028094e4 method=java.util.regex.Pattern$Curly.match(Ljava/util/regex/Matcher;ILjava/lang/CharSequence;)Z @ 19
Event: 3.625 Thread 0x00000000024c6800 Uncommon trap: reason=unstable_if action=reinterpret pc=0x0000000002965fa8 method=java.util.regex.Pattern$BmpCharProperty.match(Ljava/util/regex/Matcher;ILjava/lang/CharSequence;)Z @ 34
Event: 3.737 Thread 0x00000000024c6800 Uncommon trap: reason=unstable_if action=reinterpret pc=0x0000000002937390 method=java.util.concurrent.ConcurrentHashMap.putVal(Ljava/lang/Object;Ljava/lang/Object;Z)Ljava/lang/Object; @ 181

Classes redefined (0 events):
No events

Internal exceptions (10 events):
Event: 1.691 Thread 0x00000000024c6800 Exception <a 'java/lang/NoSuchFieldError': method resolution failed> (0x00000000d6fb2d28) thrown at [C:\re\workspace\8-2-build-windows-amd64-cygwin\jdk8u201\12322\hotspot\src\share\vm\prims\methodHandles.cpp, line 1167]
Event: 1.865 Thread 0x00000000024c6800 Implicit null exception at 0x00000000026cd991 to 0x00000000026cdb51
Event: 3.315 Thread 0x0000000019d1f800 Exception <a 'java/net/SocketTimeoutException': connect timed out> (0x00000000d625bac8) thrown at [C:\re\workspace\8-2-build-windows-amd64-cygwin\jdk8u201\12322\hotspot\src\share\vm\prims\jni.cpp, line 735]
Event: 3.431 Thread 0x00000000024c6800 Exception <a 'java/lang/ArrayIndexOutOfBoundsException': 18> (0x00000000d6671248) thrown at [C:\re\workspace\8-2-build-windows-amd64-cygwin\jdk8u201\12322\hotspot\src\share\vm\interpreter\interpreterRuntime.cpp, line 368]
Event: 3.431 Thread 0x00000000024c6800 Exception <a 'java/lang/ArrayIndexOutOfBoundsException': 90> (0x00000000d6672e00) thrown at [C:\re\workspace\8-2-build-windows-amd64-cygwin\jdk8u201\12322\hotspot\src\share\vm\interpreter\interpreterRuntime.cpp, line 368]
Event: 3.432 Thread 0x00000000024c6800 Exception <a 'java/lang/ArrayIndexOutOfBoundsException': 60> (0x00000000d6676f30) thrown at [C:\re\workspace\8-2-build-windows-amd64-cygwin\jdk8u201\12322\hotspot\src\share\vm\interpreter\interpreterRuntime.cpp, line 368]
Event: 3.432 Thread 0x00000000024c6800 Exception <a 'java/lang/ArrayIndexOutOfBoundsException'> (0x00000000d667a168) thrown at [C:\re\workspace\8-2-build-windows-amd64-cygwin\jdk8u201\12322\hotspot\src\share\vm\runtime\sharedRuntime.cpp, line 605]
Event: 3.434 Thread 0x00000000024c6800 Exception <a 'java/lang/ArrayIndexOutOfBoundsException'> (0x00000000d6688120) thrown at [C:\re\workspace\8-2-build-windows-amd64-cygwin\jdk8u201\12322\hotspot\src\share\vm\runtime\sharedRuntime.cpp, line 605]
Event: 3.461 Thread 0x00000000024c6800 Exception <a 'java/lang/IncompatibleClassChangeError': Found class java.lang.Object, but interface was expected> (0x00000000d67b5f20) thrown at [C:\re\workspace\8-2-build-windows-amd64-cygwin\jdk8u201\12322\hotspot\src\share\vm\interpreter\linkResolver.cp
Event: 3.465 Thread 0x00000000024c6800 Exception <a 'java/lang/NoSuchMethodError': java.lang.Object.lambda$or$2(Ljava/util/function/Predicate;Ljava/lang/Object;)Z> (0x00000000d67cbc38) thrown at [C:\re\workspace\8-2-build-windows-amd64-cygwin\jdk8u201\12322\hotspot\src\share\vm\interpreter\lin

Events (10 events):
Event: 3.734 loading class org/apache/http/util/NetUtils done
Event: 3.735 loading class org/apache/http/impl/auth/HttpAuthenticator$1
Event: 3.735 loading class org/apache/http/impl/auth/HttpAuthenticator$1 done
Event: 3.737 Thread 0x00000000024c6800 Uncommon trap: trap_request=0xffffff65 fr.pc=0x0000000002937390
Event: 3.737 Thread 0x00000000024c6800 DEOPT PACKING pc=0x0000000002937390 sp=0x00000000022ce280
Event: 3.737 Thread 0x00000000024c6800 DEOPT UNPACKING pc=0x000000000260583b sp=0x00000000022ce218 mode 2
Event: 3.738 loading class org/apache/http/message/BasicListHeaderIterator
Event: 3.738 loading class org/apache/http/message/BasicListHeaderIterator done
Event: 3.739 loading class org/apache/http/FormattedHeader
Event: 3.739 loading class org/apache/http/FormattedHeader done


Dynamic libraries:
0x00007ff669ab0000 - 0x00007ff669ae7000 	C:\Program Files\Java\jdk1.8.0_201\bin\java.exe
0x00007ffc26080000 - 0x00007ffc2626d000 	C:\Windows\SYSTEM32\ntdll.dll
0x00007ffc23550000 - 0x00007ffc23603000 	C:\Windows\System32\KERNEL32.DLL
0x00007ffc22580000 - 0x00007ffc22813000 	C:\Windows\System32\KERNELBASE.dll
0x00007ffc24c10000 - 0x00007ffc24cb3000 	C:\Windows\System32\ADVAPI32.dll
0x00007ffc24b00000 - 0x00007ffc24b9e000 	C:\Windows\System32\msvcrt.dll
0x00007ffc232b0000 - 0x00007ffc2334e000 	C:\Windows\System32\sechost.dll
0x00007ffc25e60000 - 0x00007ffc25f82000 	C:\Windows\System32\RPCRT4.dll
0x00007ffc24f90000 - 0x00007ffc25127000 	C:\Windows\System32\USER32.dll
0x00007ffc22900000 - 0x00007ffc22920000 	C:\Windows\System32\win32u.dll
0x00007ffc25fa0000 - 0x00007ffc25fc9000 	C:\Windows\System32\GDI32.dll
0x00007ffc22390000 - 0x00007ffc22529000 	C:\Windows\System32\gdi32full.dll
0x00007ffc222d0000 - 0x00007ffc22370000 	C:\Windows\System32\msvcp_win.dll
0x00007ffc221d0000 - 0x00007ffc222ca000 	C:\Windows\System32\ucrtbase.dll
0x00007ffc0e590000 - 0x00007ffc0e809000 	C:\Windows\WinSxS\amd64_microsoft.windows.common-controls_6595b64144ccf1df_6.0.17763.615_none_05b4414a072024d4\COMCTL32.dll
0x00007ffc25b30000 - 0x00007ffc25e5c000 	C:\Windows\System32\combase.dll
0x00007ffc22150000 - 0x00007ffc221ce000 	C:\Windows\System32\bcryptPrimitives.dll
0x00007ffc24f60000 - 0x00007ffc24f8e000 	C:\Windows\System32\IMM32.DLL
0x0000000051730000 - 0x0000000051801000 	C:\Program Files\Java\jdk1.8.0_201\jre\bin\msvcr100.dll
0x0000000050e80000 - 0x0000000051724000 	C:\Program Files\Java\jdk1.8.0_201\jre\bin\server\jvm.dll
0x00007ffc24ba0000 - 0x00007ffc24ba8000 	C:\Windows\System32\PSAPI.DLL
0x00007ffc193a0000 - 0x00007ffc193a9000 	C:\Windows\SYSTEM32\WSOCK32.dll
0x00007ffc252f0000 - 0x00007ffc2535d000 	C:\Windows\System32\WS2_32.dll
0x00007ffc180a0000 - 0x00007ffc180c4000 	C:\Windows\SYSTEM32\WINMM.dll
0x00007ffc11eb0000 - 0x00007ffc11eba000 	C:\Windows\SYSTEM32\VERSION.dll
0x00007ffc18070000 - 0x00007ffc1809d000 	C:\Windows\SYSTEM32\WINMMBASE.dll
0x00007ffc22530000 - 0x00007ffc2257a000 	C:\Windows\System32\cfgmgr32.dll
0x00007ffc1e150000 - 0x00007ffc1e15f000 	C:\Program Files\Java\jdk1.8.0_201\jre\bin\verify.dll
0x00007ffc1d680000 - 0x00007ffc1d6a9000 	C:\Program Files\Java\jdk1.8.0_201\jre\bin\java.dll
0x00007ffc1d1c0000 - 0x00007ffc1d1e3000 	C:\Program Files\Java\jdk1.8.0_201\jre\bin\instrument.dll
0x00007ffc1d230000 - 0x00007ffc1d246000 	C:\Program Files\Java\jdk1.8.0_201\jre\bin\zip.dll
0x00007ffc23610000 - 0x00007ffc24b00000 	C:\Windows\System32\SHELL32.dll
0x00007ffc25a80000 - 0x00007ffc25b28000 	C:\Windows\System32\shcore.dll
0x00007ffc22920000 - 0x00007ffc2306a000 	C:\Windows\System32\windows.storage.dll
0x00007ffc220a0000 - 0x00007ffc220c4000 	C:\Windows\System32\profapi.dll
0x00007ffc220f0000 - 0x00007ffc2214d000 	C:\Windows\System32\powrprof.dll
0x00007ffc25a20000 - 0x00007ffc25a72000 	C:\Windows\System32\shlwapi.dll
0x00007ffc220d0000 - 0x00007ffc220e1000 	C:\Windows\System32\kernel.appcore.dll
0x00007ffc22370000 - 0x00007ffc22387000 	C:\Windows\System32\cryptsp.dll
0x00007ffc1d1a0000 - 0x00007ffc1d1ba000 	C:\Program Files\JetBrains\IntelliJ IDEA Community Edition 2019.1\bin\breakgen64.dll
0x00007ffc1d160000 - 0x00007ffc1d17a000 	C:\Program Files\Java\jdk1.8.0_201\jre\bin\net.dll
0x00007ffc13d20000 - 0x00007ffc13ef7000 	C:\Windows\SYSTEM32\urlmon.dll
0x00007ffc14250000 - 0x00007ffc144f8000 	C:\Windows\SYSTEM32\iertutil.dll
0x00007ffc21ac0000 - 0x00007ffc21acc000 	C:\Windows\SYSTEM32\CRYPTBASE.DLL
0x00007ffc218f0000 - 0x00007ffc21957000 	C:\Windows\system32\mswsock.dll
0x00007ffc21690000 - 0x00007ffc21756000 	C:\Windows\SYSTEM32\DNSAPI.dll
0x00007ffc25f90000 - 0x00007ffc25f98000 	C:\Windows\System32\NSI.dll
0x00007ffc21650000 - 0x00007ffc2168d000 	C:\Windows\SYSTEM32\IPHLPAPI.DLL
0x00007ffc16db0000 - 0x00007ffc16dba000 	C:\Windows\System32\rasadhlp.dll
0x00007ffc18360000 - 0x00007ffc183d9000 	C:\Windows\System32\fwpuclnt.dll
0x00007ffc228d0000 - 0x00007ffc228f6000 	C:\Windows\System32\bcrypt.dll
0x00007ffc1ce40000 - 0x00007ffc1ce64000 	C:\Program Files\Java\jdk1.8.0_201\jre\bin\sunec.dll
0x00007ffc19f00000 - 0x00007ffc19f16000 	C:\Windows\SYSTEM32\dhcpcsvc6.DLL
0x00007ffc1a130000 - 0x00007ffc1a14c000 	C:\Windows\SYSTEM32\dhcpcsvc.DLL
0x00007ffc1d070000 - 0x00007ffc1d081000 	C:\Program Files\Java\jdk1.8.0_201\jre\bin\nio.dll
0x00007ffc214b0000 - 0x00007ffc214e3000 	C:\Windows\system32\rsaenh.dll
0x00007ffc21fb0000 - 0x00007ffc21fd8000 	C:\Windows\SYSTEM32\USERENV.dll

VM Arguments:
jvm_args: -javaagent:C:\Program Files\JetBrains\IntelliJ IDEA Community Edition 2019.1\lib\idea_rt.jar=52343:C:\Program Files\JetBrains\IntelliJ IDEA Community Edition 2019.1\bin -Dfile.encoding=UTF-8 
java_command: CalendarSelectTest
java_class_path (initial): C:\Program Files\Java\jdk1.8.0_201\jre\lib\charsets.jar;C:\Program Files\Java\jdk1.8.0_201\jre\lib\deploy.jar;C:\Program Files\Java\jdk1.8.0_201\jre\lib\ext\access-bridge-64.jar;C:\Program Files\Java\jdk1.8.0_201\jre\lib\ext\cldrdata.jar;C:\Program Files\Java\jdk1.8.0_201\jre\lib\ext\dnsns.jar;C:\Program Files\Java\jdk1.8.0_201\jre\lib\ext\jaccess.jar;C:\Program Files\Java\jdk1.8.0_201\jre\lib\ext\jfxrt.jar;C:\Program Files\Java\jdk1.8.0_201\jre\lib\ext\localedata.jar;C:\Program Files\Java\jdk1.8.0_201\jre\lib\ext\nashorn.jar;C:\Program Files\Java\jdk1.8.0_201\jre\lib\ext\sunec.jar;C:\Program Files\Java\jdk1.8.0_201\jre\lib\ext\sunjce_provider.jar;C:\Program Files\Java\jdk1.8.0_201\jre\lib\ext\sunmscapi.jar;C:\Program Files\Java\jdk1.8.0_201\jre\lib\ext\sunpkcs11.jar;C:\Program Files\Java\jdk1.8.0_201\jre\lib\ext\zipfs.jar;C:\Program Files\Java\jdk1.8.0_201\jre\lib\javaws.jar;C:\Program Files\Java\jdk1.8.0_201\jre\lib\jce.jar;C:\Program Files\Java\jdk1.8.0_201\jre\lib\jfr.jar;C:\Program Files\Java\jdk1.8.0_201\jre\lib\jfxswt.jar;C:\Program Files\Java\jdk1.8.0_201\jre\lib\jsse.jar;C:\Program Files\Java\jdk1.8.0_201\jre\lib\management-agent.jar;C:\Program Files\Java\jdk1.8.0_201\jre\lib\plugin.jar;C:\Program Files\Java\jdk1.8.0_201\jre\lib\resources.jar;C:\Program Files\Java\jdk1.8.0_201\jre\lib\rt.jar;C:\Users\nimal\testOne\target\classes;C:\Users\nimal\.m2\repository\log4j\log4j\1.2.17\log4j-1.2.17.jar;C:\Users\nimal\.m2\repository\org\seleniumhq\selenium\selenium-java\3.7.0\selenium-java-3.7.0.jar;C:\Users\nimal\.m2\repository\org\seleniumhq\selenium\selenium-api\3.7.0\selenium-api-3.7.0.jar;C:\Users\nimal\.m2\repository\org\seleniumhq\selenium\selenium-chrome-driver\3.7.0\selenium-chrome-driver-3.7.0.jar;C:\Users\nimal\.m2\repository\org\seleniumhq\selenium\selenium-edge-driver\3.7.0\selenium-edge-driver-3.7.0.jar;C:\Users\nimal\.m2\repository\org\seleniumhq\selenium\selenium-firefox-driver\3.7.0\selenium-firefox-driver-3.7.0.jar;C:\Us
Launcher Type: SUN_STANDARD

Environment Variables:
PATH=C:\Program Files (x86)\Common Files\Oracle\Java\javapath;C:\Windows\system32;C:\Windows;C:\Windows\System32\Wbem;C:\Windows\System32\WindowsPowerShell\v1.0\;C:\Windows\System32\OpenSSH\;C:\Program Files\Git\cmd;C:\Users\nimal\AppData\Local\Microsoft\WindowsApps;%DASHLANE_DLL_DIR%
USERNAME=nimal
OS=Windows_NT
PROCESSOR_IDENTIFIER=Intel64 Family 6 Model 42 Stepping 7, GenuineIntel



---------------  S Y S T E M  ---------------

OS: Windows 10.0 , 64 bit Build 17763 (10.0.17763.475)

CPU:total 4 (initial active 4) (2 cores per cpu, 2 threads per core) family 6 model 42 stepping 7, cmov, cx8, fxsr, mmx, sse, sse2, sse3, ssse3, sse4.1, sse4.2, popcnt, avx, aes, clmul, ht, tsc, tscinvbit

Memory: 4k page, physical 8268012k(1012560k free), swap 21816808k(104k free)

vm_info: Java HotSpot(TM) 64-Bit Server VM (25.201-b09) for windows-amd64 JRE (1.8.0_201-b09), built on Dec 15 2018 18:36:39 by "java_re" with MS VC++ 10.0 (VS2010)

time: Sat Aug 03 14:11:33 2019
timezone: Atlantic Daylight Time
elapsed time: 3 seconds (0d 0h 0m 3s)

